[debug] [2018-09-16T12:35:11.982Z] ----------------------------------------------------------------------
[debug] [2018-09-16T12:35:11.985Z] Command:       C:\Program Files\nodejs\node.exe C:\Users\Jordan\AppData\Roaming\npm\node_modules\firebase-tools\bin\firebase serve --only hosting
[debug] [2018-09-16T12:35:11.985Z] CLI Version:   4.2.1
[debug] [2018-09-16T12:35:11.985Z] Platform:      win32
[debug] [2018-09-16T12:35:11.985Z] Node Version:  v8.11.1
[debug] [2018-09-16T12:35:11.986Z] Time:          Sun Sep 16 2018 08:35:11 GMT-0400 (Eastern Daylight Time)
[debug] [2018-09-16T12:35:11.986Z] ----------------------------------------------------------------------
[debug] 
[debug] [2018-09-16T12:35:11.999Z] > command requires scopes: ["email","openid","https://www.googleapis.com/auth/cloudplatformprojects.readonly","https://www.googleapis.com/auth/firebase","https://www.googleapis.com/auth/cloud-platform"]
[debug] [2018-09-16T12:35:12.000Z] > authorizing via signed-in user
[debug] [2018-09-16T12:35:12.002Z] > refreshing access token with scopes: ["email","https://www.googleapis.com/auth/cloud-platform","https://www.googleapis.com/auth/cloudplatformprojects.readonly","https://www.googleapis.com/auth/firebase","openid"]
[debug] [2018-09-16T12:35:12.003Z] >>> HTTP REQUEST POST https://www.googleapis.com/oauth2/v3/token  

[debug] [2018-09-16T12:35:12.248Z] <<< HTTP RESPONSE 200
[debug] [2018-09-16T12:35:12.266Z] >>> HTTP REQUEST GET https://admin.firebase.com/v1/projects/htn2018-1536999595788  
 
[debug] [2018-09-16T12:35:12.893Z] <<< HTTP RESPONSE 200
[debug] [2018-09-16T12:35:12.897Z] >>> HTTP REQUEST GET https://cloudresourcemanager.googleapis.com/v1/projects/htn2018-1536999595788  
 
[debug] [2018-09-16T12:35:13.262Z] <<< HTTP RESPONSE 200
[info] 
[info] === Serving from 'C:\Users\Jordan\Documents\vscode-workspace\HTN2018\web'...
[info] 
[debug] [2018-09-16T12:35:13.265Z] >>> HTTP REQUEST GET https://mobilesdk-pa.googleapis.com/v1/projects/979734472030/clients/_:getWebAppConfig  
 
[debug] [2018-09-16T12:35:13.477Z] <<< HTTP RESPONSE 200
[info] i  hosting[htn2018-1536999595788]: Serving hosting files from: ./
[info] +  hosting[htn2018-1536999595788]: Local server: http://localhost:5000
